<?xml version="1.0" encoding="UTF-8"?>
<!-- Generated by org.testng.reporters.JUnitXMLReporter -->
<testsuite ignored="8" hostname="niveus-HP-EliteBook-820-G3" failures="0" tests="8" name="Regression" time="187.353" errors="0" timestamp="2022-03-09T15:18:19 IST">
  <testcase classname="tests.LandingScreenTest" name="splashScreenTest" time="8.182"/>
  <testcase classname="tests.LandingScreenTest" name="landingScreenLableTest" time="9.549"/>
  <testcase classname="tests.LandingScreenTest" name="footerMenuTest" time="30.492"/>
  <testcase classname="tests.HamburgerMenuTest" name="hamburgerLabelTest" time="17.41"/>
  <testcase classname="tests.LoginScreenTest" name="LoginScrnTest" time="5.995"/>
  <testcase classname="tests.LoginScreenTest" name="clickOnFacebookTest" time="4.24"/>
  <testcase classname="tests.LoginScreenTest" name="clickOnGoogleTest" time="5.17"/>
  <testcase classname="tests.LoginScreenTest" name="clickOnMobileTest" time="6.897"/>
  <testcase classname="com.base.Base" name="@BeforeTest ConnectToBrowserStack" time="0.0">
    <ignored/>
  </testcase> <!-- @BeforeTest ConnectToBrowserStack -->
  <testcase classname="com.base.Base" name="@BeforeTest ConnectToBrowserStack" time="0.0">
    <ignored/>
  </testcase> <!-- @BeforeTest ConnectToBrowserStack -->
  <testcase classname="com.base.Base" name="@AfterSuite flushReport" time="0.0">
    <ignored/>
  </testcase> <!-- @AfterSuite flushReport -->
  <testcase classname="com.base.Base" name="@AfterSuite flushReport" time="0.0">
    <ignored/>
  </testcase> <!-- @AfterSuite flushReport -->
  <testcase classname="com.base.Base" name="@AfterTest shutDownServer" time="0.0">
    <ignored/>
  </testcase> <!-- @AfterTest shutDownServer -->
  <testcase classname="com.base.Base" name="@AfterTest shutDownServer" time="0.0">
    <ignored/>
  </testcase> <!-- @AfterTest shutDownServer -->
  <testcase classname="com.base.Base" name="@BeforeSuite setUpReport" time="0.0">
    <ignored/>
  </testcase> <!-- @BeforeSuite setUpReport -->
  <testcase classname="com.base.Base" name="@BeforeSuite setUpReport" time="0.0">
    <ignored/>
  </testcase> <!-- @BeforeSuite setUpReport -->
</testsuite> <!-- Regression -->
