<?xml version="1.0" encoding="UTF-8"?>
<testng-results ignored="0" total="1" passed="1" failed="0" skipped="0">
  <reporter-output>
    <line>
      <![CDATA[Connecting to  browser stack Server  Please wait.....!!!!!.......]]>
    </line>
    <line>
      <![CDATA[Verifying the splash screen.....Please wait....!!!]]>
    </line>
    <line>
      <![CDATA[Please allow the permission=======]]>
    </line>
  </reporter-output>
  <suite started-at="2022-04-22T18:03:07 IST" name="Default suite" finished-at="2022-04-22T18:05:32 IST" duration-ms="144811">
    <groups>
    </groups>
    <test started-at="2022-04-22T18:03:07 IST" name="Default test" finished-at="2022-04-22T18:05:32 IST" duration-ms="144811">
      <class name="tests.SearchTest">
        <test-method is-config="true" signature="setUpReport()[pri:0, instance:tests.SearchTest@6eda5c9]" started-at="2022-04-22T18:03:07 IST" name="setUpReport" finished-at="2022-04-22T18:03:07 IST" duration-ms="268" status="PASS">
          <reporter-output>
          </reporter-output>
        </test-method> <!-- setUpReport -->
        <test-method is-config="true" signature="ConnectToBrowserStack()[pri:0, instance:tests.SearchTest@6eda5c9]" started-at="2022-04-22T18:03:07 IST" name="ConnectToBrowserStack" finished-at="2022-04-22T18:03:31 IST" duration-ms="24416" status="PASS">
          <reporter-output>
            <line>
              <![CDATA[Connecting to  browser stack Server  Please wait.....!!!!!.......]]>
            </line>
          </reporter-output>
        </test-method> <!-- ConnectToBrowserStack -->
        <test-method is-config="true" signature="setUp()[pri:0, instance:tests.SearchTest@6eda5c9]" started-at="2022-04-22T18:03:31 IST" name="setUp" finished-at="2022-04-22T18:04:27 IST" duration-ms="55764" status="PASS">
          <reporter-output>
            <line>
              <![CDATA[Verifying the splash screen.....Please wait....!!!]]>
            </line>
            <line>
              <![CDATA[Please allow the permission=======]]>
            </line>
          </reporter-output>
        </test-method> <!-- setUp -->
        <test-method signature="searchTest()[pri:0, instance:tests.SearchTest@6eda5c9]" started-at="2022-04-22T18:04:27 IST" name="searchTest" finished-at="2022-04-22T18:05:30 IST" duration-ms="62540" status="PASS">
          <reporter-output>
          </reporter-output>
        </test-method> <!-- searchTest -->
        <test-method is-config="true" signature="shutDownServer()[pri:0, instance:tests.SearchTest@6eda5c9]" started-at="2022-04-22T18:05:30 IST" name="shutDownServer" finished-at="2022-04-22T18:05:32 IST" duration-ms="2001" status="PASS">
          <reporter-output>
          </reporter-output>
        </test-method> <!-- shutDownServer -->
        <test-method is-config="true" signature="flushReport()[pri:0, instance:tests.SearchTest@6eda5c9]" started-at="2022-04-22T18:05:32 IST" name="flushReport" finished-at="2022-04-22T18:05:32 IST" duration-ms="1" status="PASS">
          <reporter-output>
          </reporter-output>
        </test-method> <!-- flushReport -->
      </class> <!-- tests.SearchTest -->
    </test> <!-- Default test -->
  </suite> <!-- Default suite -->
</testng-results>
